<?xml version="1.0" encoding="UTF-8"?>
<!-- Generated by org.testng.reporters.JUnitXMLReporter -->
<testsuite hostname="phone063.lexisagency.com" name="TestAll" tests="5" failures="0" timestamp="23 Jan 2013 17:59:42 GMT" time="11.943" errors="0">
  <testcase name="testDataProvider on null(seleniumScripts.byndAutoTests)" time="0.117" classname="seleniumScripts.byndAutoTests"/>
  <testcase name="testDataProvider on null(seleniumScripts.byndAutoTests)" time="1.252" classname="seleniumScripts.byndAutoTests"/>
  <testcase name="testDataProvider on null(seleniumScripts.byndAutoTests)" time="0.116" classname="seleniumScripts.byndAutoTests"/>
  <testcase name="testDataProvider on null(seleniumScripts.byndAutoTests)" time="0.082" classname="seleniumScripts.byndAutoTests"/>
  <testcase name="testDataProvider on null(seleniumScripts.byndAutoTests)" time="0.06" classname="seleniumScripts.byndAutoTests"/>
</testsuite> <!-- TestAll -->
