<?xml version="1.0" encoding="UTF-8"?>
<testng-results skipped="0" failed="0" total="5" passed="5">
  <reporter-output>
  </reporter-output>
  <suite name="SuiteAll" duration-ms="11943" started-at="2013-01-23T17:59:30Z" finished-at="2013-01-23T17:59:42Z">
    <groups>
    </groups>
    <test name="TestAll" duration-ms="11943" started-at="2013-01-23T17:59:30Z" finished-at="2013-01-23T17:59:42Z">
      <class name="seleniumScripts.byndAutoTests">
        <test-method status="PASS" signature="setUp()[pri:0, instance:null(seleniumScripts.byndAutoTests)]" name="setUp" is-config="true" duration-ms="10186" started-at="2013-01-23T17:59:30Z" finished-at="2013-01-23T17:59:40Z">
          <reporter-output>
          </reporter-output>
        </test-method> <!-- setUp -->
        <test-method status="PASS" signature="testDataProvider(java.lang.String, java.lang.String)[pri:0, instance:null(seleniumScripts.byndAutoTests)]" name="testDataProvider" duration-ms="117" started-at="2013-01-23T17:59:40Z" data-provider="PD1" finished-at="2013-01-23T17:59:40Z">
          <params>
            <param index="0">
              <value>
                <![CDATA[Iphone 5]]>
              </value>
            </param>
            <param index="1">
              <value>
                <![CDATA[by Apple]]>
              </value>
            </param>
          </params>
          <reporter-output>
          </reporter-output>
        </test-method> <!-- testDataProvider -->
        <test-method status="PASS" signature="testDataProvider(java.lang.String, java.lang.String)[pri:0, instance:null(seleniumScripts.byndAutoTests)]" name="testDataProvider" duration-ms="1252" started-at="2013-01-23T17:59:40Z" data-provider="PD1" finished-at="2013-01-23T17:59:42Z">
          <params>
            <param index="0">
              <value>
                <![CDATA[BlackBerry]]>
              </value>
            </param>
            <param index="1">
              <value>
                <![CDATA[by BlackBerry RIM]]>
              </value>
            </param>
          </params>
          <reporter-output>
          </reporter-output>
        </test-method> <!-- testDataProvider -->
        <test-method status="PASS" signature="testDataProvider(java.lang.String, java.lang.String)[pri:0, instance:null(seleniumScripts.byndAutoTests)]" name="testDataProvider" duration-ms="116" started-at="2013-01-23T17:59:42Z" data-provider="PD1" finished-at="2013-01-23T17:59:42Z">
          <params>
            <param index="0">
              <value>
                <![CDATA[Samsung Galaxy S3]]>
              </value>
            </param>
            <param index="1">
              <value>
                <![CDATA[by Samsung]]>
              </value>
            </param>
          </params>
          <reporter-output>
          </reporter-output>
        </test-method> <!-- testDataProvider -->
        <test-method status="PASS" signature="testDataProvider(java.lang.String, java.lang.String)[pri:0, instance:null(seleniumScripts.byndAutoTests)]" name="testDataProvider" duration-ms="82" started-at="2013-01-23T17:59:42Z" data-provider="PD1" finished-at="2013-01-23T17:59:42Z">
          <params>
            <param index="0">
              <value>
                <![CDATA[HTC 8X]]>
              </value>
            </param>
            <param index="1">
              <value>
                <![CDATA[by HTC]]>
              </value>
            </param>
          </params>
          <reporter-output>
          </reporter-output>
        </test-method> <!-- testDataProvider -->
        <test-method status="PASS" signature="testDataProvider(java.lang.String, java.lang.String)[pri:0, instance:null(seleniumScripts.byndAutoTests)]" name="testDataProvider" duration-ms="60" started-at="2013-01-23T17:59:42Z" data-provider="PD1" finished-at="2013-01-23T17:59:42Z">
          <params>
            <param index="0">
              <value>
                <![CDATA[nokia lumia 900]]>
              </value>
            </param>
            <param index="1">
              <value>
                <![CDATA[by Nokia]]>
              </value>
            </param>
          </params>
          <reporter-output>
          </reporter-output>
        </test-method> <!-- testDataProvider -->
      </class> <!-- seleniumScripts.byndAutoTests -->
    </test> <!-- TestAll -->
  </suite> <!-- SuiteAll -->
</testng-results>
